[debug] [2022-09-04T17:55:34.684Z] ----------------------------------------------------------------------
[debug] [2022-09-04T17:55:34.687Z] Command:       C:\Program Files\nodejs\node.exe C:\Users\Carolyn\AppData\Roaming\npm\node_modules\firebase-tools\lib\bin\firebase.js emulators:start --only functions
[debug] [2022-09-04T17:55:34.688Z] CLI Version:   11.8.0
[debug] [2022-09-04T17:55:34.688Z] Platform:      win32
[debug] [2022-09-04T17:55:34.689Z] Node Version:  v16.13.0
[debug] [2022-09-04T17:55:34.690Z] Time:          Sun Sep 04 2022 13:55:34 GMT-0400 (Eastern Daylight Time)
[debug] [2022-09-04T17:55:34.690Z] ----------------------------------------------------------------------
[debug] 
[debug] [2022-09-04T17:55:34.925Z] > command requires scopes: ["email","openid","https://www.googleapis.com/auth/cloudplatformprojects.readonly","https://www.googleapis.com/auth/firebase","https://www.googleapis.com/auth/cloud-platform"]
[debug] [2022-09-04T17:55:34.926Z] > authorizing via signed-in user (lolo16cm@gmail.com)
[info] i  emulators: Starting emulators: functions {"metadata":{"emulator":{"name":"hub"},"message":"Starting emulators: functions"}}
[debug] [2022-09-04T17:55:34.957Z] [hub] writing locator at C:\Users\Carolyn\AppData\Local\Temp\hub-loveballoon-ff2d0.json
[warn] !  functions: The following emulators are not running, calls to these services from the Functions emulator will affect production: auth, firestore, database, hosting, pubsub, storage, eventarc {"metadata":{"emulator":{"name":"functions"},"message":"The following emulators are not running, calls to these services from the Functions emulator will affect production: \u001b[1mauth, firestore, database, hosting, pubsub, storage, eventarc\u001b[22m"}}
[info] +  functions: Using node@16 from host. {"metadata":{"emulator":{"name":"functions"},"message":"Using node@16 from host."}}
[debug] [2022-09-04T17:55:35.017Z] defaultcredentials: writing to file C:\Users\Carolyn\AppData\Roaming\firebase\lolo16cm_gmail_com_application_default_credentials.json
[debug] [2022-09-04T17:55:35.020Z] Setting GAC to C:\Users\Carolyn\AppData\Roaming\firebase\lolo16cm_gmail_com_application_default_credentials.json {"metadata":{"emulator":{"name":"functions"},"message":"Setting GAC to C:\\Users\\Carolyn\\AppData\\Roaming\\firebase\\lolo16cm_gmail_com_application_default_credentials.json"}}
[debug] [2022-09-04T17:55:35.022Z] > refreshing access token with scopes: []
[debug] [2022-09-04T17:55:35.025Z] >>> [apiv2][query] POST https://www.googleapis.com/oauth2/v3/token [none]
[debug] [2022-09-04T17:55:35.026Z] >>> [apiv2][body] POST https://www.googleapis.com/oauth2/v3/token [omitted]
[debug] [2022-09-04T17:55:35.178Z] <<< [apiv2][status] POST https://www.googleapis.com/oauth2/v3/token 200
[debug] [2022-09-04T17:55:35.179Z] <<< [apiv2][body] POST https://www.googleapis.com/oauth2/v3/token [omitted]
[debug] [2022-09-04T17:55:35.190Z] >>> [apiv2][query] GET https://firebase.googleapis.com/v1beta1/projects/loveballoon-ff2d0/adminSdkConfig [none]
[debug] [2022-09-04T17:55:35.529Z] <<< [apiv2][status] GET https://firebase.googleapis.com/v1beta1/projects/loveballoon-ff2d0/adminSdkConfig 200
[debug] [2022-09-04T17:55:35.529Z] <<< [apiv2][body] GET https://firebase.googleapis.com/v1beta1/projects/loveballoon-ff2d0/adminSdkConfig {"projectId":"loveballoon-ff2d0","databaseURL":"https://loveballoon-ff2d0-default-rtdb.firebaseio.com","storageBucket":"loveballoon-ff2d0.appspot.com","locationId":"us-east1"}
[debug] [2022-09-04T17:55:35.566Z] Ignoring unsupported arg: auto_download {"metadata":{"emulator":{"name":"ui"},"message":"Ignoring unsupported arg: auto_download"}}
[debug] [2022-09-04T17:55:35.567Z] Ignoring unsupported arg: port {"metadata":{"emulator":{"name":"ui"},"message":"Ignoring unsupported arg: port"}}
[debug] [2022-09-04T17:55:35.567Z] Starting Emulator UI with command {"binary":"node","args":["C:\\Users\\Carolyn\\.cache\\firebase\\emulators\\ui-v1.9.0\\server\\server.js"],"optionalArgs":[],"joinArgs":false} {"metadata":{"emulator":{"name":"ui"},"message":"Starting Emulator UI with command {\"binary\":\"node\",\"args\":[\"C:\\\\Users\\\\Carolyn\\\\.cache\\\\firebase\\\\emulators\\\\ui-v1.9.0\\\\server\\\\server.js\"],\"optionalArgs\":[],\"joinArgs\":false}"}}
[info] i  ui: Emulator UI logging to ui-debug.log {"metadata":{"emulator":{"name":"ui"},"message":"Emulator UI logging to \u001b[1mui-debug.log\u001b[22m"}}
[debug] [2022-09-04T17:55:35.822Z] Web / API server started at localhost:4000
 {"metadata":{"emulator":{"name":"ui"},"message":"Web / API server started at localhost:4000\n"}}
[info] i  functions: Watching "D:\UserProfile\Carolyn\Downloads\tryPayment\functions" for Cloud Functions... {"metadata":{"emulator":{"name":"functions"},"message":"Watching \"D:\\UserProfile\\Carolyn\\Downloads\\tryPayment\\functions\" for Cloud Functions..."}}
[debug] [2022-09-04T17:55:35.850Z] Validating nodejs source
[debug] [2022-09-04T17:55:41.409Z] > [functions] package.json contents: {
  "name": "functions",
  "description": "Cloud Functions for Firebase",
  "scripts": {
    "lint": "eslint .",
    "serve": "firebase emulators:start --only functions",
    "shell": "firebase functions:shell",
    "start": "npm run shell",
    "deploy": "firebase deploy --only functions",
    "logs": "firebase functions:log"
  },
  "engines": {
    "node": "16"
  },
  "main": "index.js",
  "dependencies": {
    "cors": "^2.8.5",
    "express": "^4.18.1",
    "firebase-admin": "^9.8.0",
    "firebase-functions": "^3.14.1",
    "stripe": "^10.7.0"
  },
  "devDependencies": {
    "eslint": "^7.6.0",
    "eslint-config-google": "^0.14.0",
    "firebase-functions-test": "^0.2.0"
  },
  "private": true
}
[debug] [2022-09-04T17:55:41.410Z] Building nodejs source
[debug] [2022-09-04T17:55:41.410Z] Analyzing nodejs backend spec
[debug] [2022-09-04T17:55:41.412Z] Could not find functions.yaml. Must use http discovery
[debug] [2022-09-04T17:55:42.519Z] Serving at port 9005

[debug] [2022-09-04T17:55:42.990Z] Got response from /__/functions.yaml {"endpoints":{"api":{"platform":"gcfv1","httpsTrigger":{},"entryPoint":"api"}},"specVersion":"v1alpha1","requiredAPIs":[]}
[debug] [2022-09-04T17:55:43.001Z] shutdown requested via /__/quitquitquit

[info] +  functions: Loaded functions definitions from source: api. {"metadata":{"emulator":{"name":"functions"},"message":"Loaded functions definitions from source: api."}}
[info] +  functions[us-central1-api]: http function initialized (http://localhost:5001/loveballoon-ff2d0/us-central1/api). {"metadata":{"emulator":{"name":"functions"},"message":"\u001b[1mhttp\u001b[22m function initialized (http://localhost:5001/loveballoon-ff2d0/us-central1/api)."}}
[info] 
┌─────────────────────────────────────────────────────────────┐
│ ✔  All emulators ready! It is now safe to connect your app. │
│ i  View Emulator UI at http://localhost:4000                │
└─────────────────────────────────────────────────────────────┘

┌───────────┬────────────────┬─────────────────────────────────┐
│ Emulator  │ Host:Port      │ View in Emulator UI             │
├───────────┼────────────────┼─────────────────────────────────┤
│ Functions │ localhost:5001 │ http://localhost:4000/functions │
└───────────┴────────────────┴─────────────────────────────────┘
  Emulator Hub running at localhost:4400
  Other reserved ports: 4500

Issues? Report them at https://github.com/firebase/firebase-tools/issues and attach the *-debug.log files.
 
